<?xml version="1.0" encoding="UTF-8"?>
<testsuite name="com.perihanozby.projectform.ProjectFormApplicationTests" tests="1" skipped="0" failures="0" errors="0" timestamp="2023-07-09T05:57:00" hostname="LAPTOP-8E0ATBG9" time="1.832">
  <properties/>
  <testcase name="contextLoads()" classname="com.perihanozby.projectform.ProjectFormApplicationTests" time="1.832"/>
  <system-out><![CDATA[08:56:56.254 [Test worker] INFO org.springframework.test.context.support.AnnotationConfigContextLoaderUtils -- Could not detect default configuration classes for test class [com.perihanozby.projectform.ProjectFormApplicationTests]: ProjectFormApplicationTests does not declare any static, non-private, non-final, nested classes annotated with @Configuration.
08:56:56.372 [Test worker] INFO org.springframework.boot.test.context.SpringBootTestContextBootstrapper -- Found @SpringBootConfiguration com.perihanozby.projectform.ProjectFormApplication for test class com.perihanozby.projectform.ProjectFormApplicationTests

  .   ____          _            __ _ _
 /\\ / ___'_ __ _ _(_)_ __  __ _ \ \ \ \
( ( )\___ | '_ | '_| | '_ \/ _` | \ \ \ \
 \\/  ___)| |_)| | | | | || (_| |  ) ) ) )
  '  |____| .__|_| |_|_| |_\__, | / / / /
 =========|_|==============|___/=/_/_/_/
 :: Spring Boot ::                (v3.1.1)

2023-07-09T08:56:56.984+03:00  INFO 23344 --- [    Test worker] c.p.p.ProjectFormApplicationTests        : Starting ProjectFormApplicationTests using Java 17.0.8 with PID 23344 (started by ASUS in C:\Users\ASUS\IdeaProjects\ProjectForm)
2023-07-09T08:56:56.988+03:00  INFO 23344 --- [    Test worker] c.p.p.ProjectFormApplicationTests        : The following 1 profile is active: "frontend"
2023-07-09T08:56:57.039+03:00 DEBUG 23344 --- [    Test worker] o.s.w.c.s.GenericWebApplicationContext   : Refreshing org.springframework.web.context.support.GenericWebApplicationContext@c999f280
2023-07-09T08:56:57.957+03:00  INFO 23344 --- [    Test worker] .s.d.r.c.RepositoryConfigurationDelegate : Bootstrapping Spring Data JPA repositories in DEFAULT mode.
2023-07-09T08:56:57.982+03:00  INFO 23344 --- [    Test worker] .s.d.r.c.RepositoryConfigurationDelegate : Finished Spring Data repository scanning in 12 ms. Found 0 JPA repository interfaces.
2023-07-09T08:56:59.058+03:00  INFO 23344 --- [    Test worker] o.s.o.j.p.SpringPersistenceUnitInfo      : No LoadTimeWeaver setup: ignoring JPA class transformer
2023-07-09T08:56:59.084+03:00  INFO 23344 --- [    Test worker] com.zaxxer.hikari.HikariDataSource       : HikariPool-1 - Starting...
2023-07-09T08:56:59.365+03:00  INFO 23344 --- [    Test worker] com.zaxxer.hikari.pool.HikariPool        : HikariPool-1 - Added connection conn0: url=jdbc:h2:file:./memory_persist/blog user=SA
2023-07-09T08:56:59.368+03:00  INFO 23344 --- [    Test worker] com.zaxxer.hikari.HikariDataSource       : HikariPool-1 - Start completed.
2023-07-09T08:56:59.829+03:00  INFO 23344 --- [    Test worker] j.LocalContainerEntityManagerFactoryBean : Initialized JPA EntityManagerFactory for persistence unit 'default'
2023-07-09T08:57:00.018+03:00  WARN 23344 --- [    Test worker] JpaBaseConfiguration$JpaWebConfiguration : spring.jpa.open-in-view is enabled by default. Therefore, database queries may be performed during view rendering. Explicitly configure spring.jpa.open-in-view to disable this warning
2023-07-09T08:57:00.256+03:00 DEBUG 23344 --- [    Test worker] s.w.s.m.m.a.RequestMappingHandlerAdapter : ControllerAdvice beans: 0 @ModelAttribute, 0 @InitBinder, 1 RequestBodyAdvice, 1 ResponseBodyAdvice
2023-07-09T08:57:00.402+03:00 DEBUG 23344 --- [    Test worker] s.w.s.m.m.a.RequestMappingHandlerMapping : 2 mappings in 'requestMappingHandlerMapping'
2023-07-09T08:57:00.431+03:00 DEBUG 23344 --- [    Test worker] o.s.w.s.handler.SimpleUrlHandlerMapping  : Patterns [/webjars/**, /**] in 'resourceHandlerMapping'
2023-07-09T08:57:00.440+03:00 DEBUG 23344 --- [    Test worker] .m.m.a.ExceptionHandlerExceptionResolver : ControllerAdvice beans: 0 @ExceptionHandler, 1 ResponseBodyAdvice
2023-07-09T08:57:00.621+03:00  INFO 23344 --- [    Test worker] o.s.b.a.h2.H2ConsoleAutoConfiguration    : H2 console available at '/h2-console'. Database available at 'jdbc:h2:file:./memory_persist/blog'
2023-07-09T08:57:00.695+03:00  WARN 23344 --- [    Test worker] .s.s.UserDetailsServiceAutoConfiguration : 

Using generated security password: e88aecac-5208-4020-b59c-a809f8ae3294

This generated password is for development use only. Your security configuration must be updated before running your application in production.

2023-07-09T08:57:00.873+03:00  INFO 23344 --- [    Test worker] o.s.s.web.DefaultSecurityFilterChain     : Will secure any request with [org.springframework.security.web.session.DisableEncodeUrlFilter@8f1b9420, org.springframework.security.web.context.request.async.WebAsyncManagerIntegrationFilter@497b95b7, org.springframework.security.web.context.SecurityContextHolderFilter@e92f2e6, org.springframework.security.web.header.HeaderWriterFilter@65b0e0f4, org.springframework.security.web.csrf.CsrfFilter@bd5677ea, org.springframework.security.web.authentication.logout.LogoutFilter@e7d760ac, org.springframework.security.web.authentication.UsernamePasswordAuthenticationFilter@64ba05bc, org.springframework.security.web.authentication.ui.DefaultLoginPageGeneratingFilter@33f8ee19, org.springframework.security.web.authentication.ui.DefaultLogoutPageGeneratingFilter@e92265b1, org.springframework.security.web.authentication.www.BasicAuthenticationFilter@872fc4c, org.springframework.security.web.savedrequest.RequestCacheAwareFilter@c38b7815, org.springframework.security.web.servletapi.SecurityContextHolderAwareRequestFilter@f4ea418c, org.springframework.security.web.authentication.AnonymousAuthenticationFilter@7e5a9286, org.springframework.security.web.access.ExceptionTranslationFilter@590fd6b8, org.springframework.security.web.access.intercept.AuthorizationFilter@f2df12e2]
2023-07-09T08:57:00.941+03:00  INFO 23344 --- [    Test worker] c.p.p.ProjectFormApplicationTests        : Started ProjectFormApplicationTests in 4.36 seconds (process running for 6.101)
]]></system-out>
  <system-err><![CDATA[]]></system-err>
</testsuite>
